<?xml version="1.0" encoding="UTF-8"?>
<!-- Generated by org.testng.reporters.JUnitReportReporter -->
<testsuite skipped="0" hostname="SAP" name="TestNGPkg.DataParameterAnnotationDemo" tests="3" failures="0" timestamp="30 Jan 2018 10:21:36 GMT" time="65.823" errors="0">
  <testcase name="testLogin" time="25.714" classname="TestNGPkg.DataParameterAnnotationDemo"/>
  <testcase name="testLogin" time="25.015" classname="TestNGPkg.DataParameterAnnotationDemo"/>
  <testcase name="testLogin" time="15.094" classname="TestNGPkg.DataParameterAnnotationDemo"/>
</testsuite> <!-- TestNGPkg.DataParameterAnnotationDemo -->
