<?xml version="1.0" encoding="UTF-8"?>
<!-- Generated by org.testng.reporters.JUnitReportReporter -->
<testsuite skipped="0" hostname="SAP" name="TestNGPkg.PomClassExecutionFromTestNg" tests="1" failures="0" timestamp="31 Jan 2018 13:33:18 GMT" time="7.194" errors="0">
  <testcase name="pomTestExecution" time="7.194" classname="TestNGPkg.PomClassExecutionFromTestNg"/>
</testsuite> <!-- TestNGPkg.PomClassExecutionFromTestNg -->
