<?xml version="1.0" encoding="UTF-8"?>
<!-- Generated by org.testng.reporters.JUnitReportReporter -->
<testsuite skipped="0" hostname="SAP" name="TestNGPkg.TestA" tests="1" failures="0" timestamp="10 Jan 2018 09:13:42 GMT" time="0.022" errors="0">
  <testcase name="testA" time="0.022" classname="TestNGPkg.TestA"/>
</testsuite> <!-- TestNGPkg.TestA -->
