<?xml version="1.0" encoding="UTF-8"?>
<!-- Generated by org.testng.reporters.JUnitReportReporter -->
<testsuite skipped="0" hostname="SAP" name="TestNGPkg.AnnotationClass" tests="1" failures="0" timestamp="11 Jan 2018 03:53:28 GMT" time="0.015" errors="0">
  <testcase name="f" time="0.015" classname="TestNGPkg.AnnotationClass"/>
</testsuite> <!-- TestNGPkg.AnnotationClass -->
