<?xml version="1.0" encoding="UTF-8"?>
<!-- Generated by org.testng.reporters.JUnitReportReporter -->
<testsuite skipped="0" hostname="SAP" name="TestNGPkg.TestLoginPom" tests="1" failures="0" timestamp="17 Jan 2018 18:34:54 GMT" time="15.702" errors="0">
  <testcase name="testLogin" time="15.702" classname="TestNGPkg.TestLoginPom"/>
</testsuite> <!-- TestNGPkg.TestLoginPom -->
