<?xml version="1.0" encoding="UTF-8"?>
<!-- Generated by org.testng.reporters.JUnitReportReporter -->
<testsuite skipped="0" hostname="SAP" name="TestNGPkg.DataParameterixationDemoA" tests="1" failures="0" timestamp="29 Jan 2018 16:30:52 GMT" time="7.226" errors="0">
  <testcase name="enterLoginCredential" time="7.226" classname="TestNGPkg.DataParameterixationDemoA"/>
</testsuite> <!-- TestNGPkg.DataParameterixationDemoA -->
