<?xml version="1.0" encoding="UTF-8"?>
<!-- Generated by org.testng.reporters.JUnitReportReporter -->
<testsuite skipped="0" hostname="SAP" name="TestNGPkg.TestParameter" tests="1" failures="0" timestamp="15 Jan 2018 12:20:45 GMT" time="0.047" errors="0">
  <testcase name="testParameters" time="0.047" classname="TestNGPkg.TestParameter"/>
</testsuite> <!-- TestNGPkg.TestParameter -->
