<?xml version="1.0" encoding="UTF-8"?>
<!-- Generated by org.testng.reporters.JUnitReportReporter -->
<testsuite skipped="0" hostname="SAP" name="TestNGPkg.DataparameterAnnotations" tests="2" failures="0" timestamp="15 Jan 2018 18:14:31 GMT" time="0.034" errors="0">
  <testcase name="testLogin" time="0.004" classname="TestNGPkg.DataparameterAnnotations"/>
  <testcase name="testLogin" time="0.030" classname="TestNGPkg.DataparameterAnnotations"/>
</testsuite> <!-- TestNGPkg.DataparameterAnnotations -->
