<?xml version="1.0" encoding="UTF-8"?>
<!-- Generated by org.testng.reporters.JUnitReportReporter -->
<testsuite skipped="0" hostname="SAP" name="TestNGPkg.ModularExecutionDemoB" tests="1" failures="0" timestamp="30 Jan 2018 06:00:02 GMT" time="0.004" errors="0">
  <testcase name="createProduct" time="0.004" classname="TestNGPkg.ModularExecutionDemoB"/>
</testsuite> <!-- TestNGPkg.ModularExecutionDemoB -->
