<?xml version="1.0" encoding="UTF-8"?>
<!-- Generated by org.testng.reporters.JUnitReportReporter -->
<testsuite skipped="0" hostname="SAP" name="TestNGPkg.TestAnnotationDemo" tests="4" failures="0" timestamp="11 Jan 2018 03:43:57 GMT" time="0.053" errors="0">
  <testcase name="createUser" time="0.041" classname="TestNGPkg.TestAnnotationDemo"/>
  <testcase name="editUser" time="0.009" classname="TestNGPkg.TestAnnotationDemo"/>
  <testcase name="editUser" time="0.002" classname="TestNGPkg.TestAnnotationDemo"/>
  <testcase name="deleteUser" time="0.001" classname="TestNGPkg.TestAnnotationDemo"/>
</testsuite> <!-- TestNGPkg.TestAnnotationDemo -->
