<?xml version="1.0" encoding="UTF-8"?>
<!-- Generated by org.testng.reporters.JUnitReportReporter -->
<testsuite skipped="0" hostname="SAP" name="TestNGPkg.ModularExecutionDemoA" tests="3" failures="0" timestamp="30 Jan 2018 06:00:52 GMT" time="0.040" errors="0">
  <testcase name="deleteUser" time="0.001" classname="TestNGPkg.ModularExecutionDemoA"/>
  <testcase name="createUser" time="0.033" classname="TestNGPkg.ModularExecutionDemoA"/>
  <testcase name="editUser" time="0.006" classname="TestNGPkg.ModularExecutionDemoA"/>
</testsuite> <!-- TestNGPkg.ModularExecutionDemoA -->
