<?xml version="1.0" encoding="UTF-8"?>
<!-- Generated by org.testng.reporters.JUnitReportReporter -->
<testsuite skipped="0" hostname="SAP" name="TestNGPkg.StaleElementReferenceExceptionExample" tests="1" failures="0" timestamp="31 Jan 2018 11:14:02 GMT" time="63.370" errors="0">
  <testcase name="login" time="63.370" classname="TestNGPkg.StaleElementReferenceExceptionExample"/>
</testsuite> <!-- TestNGPkg.StaleElementReferenceExceptionExample -->
