<?xml version="1.0" encoding="UTF-8"?>
<!-- Generated by org.testng.reporters.JUnitReportReporter -->
<testsuite skipped="0" hostname="SAP" name="TestNGPkg.DataParameterixationDemoB" tests="6" failures="0" timestamp="30 Jan 2018 10:16:21 GMT" time="88.412" errors="0">
  <testcase name="launchBroser" time="23.458" classname="TestNGPkg.DataParameterixationDemoB"/>
  <testcase name="launchBroser" time="16.975" classname="TestNGPkg.DataParameterixationDemoB"/>
  <testcase name="launchBroser" time="12.797" classname="TestNGPkg.DataParameterixationDemoB"/>
  <testcase name="enterLoginCredential" time="20.460" classname="TestNGPkg.DataParameterixationDemoB"/>
  <testcase name="enterLoginCredential" time="10.461" classname="TestNGPkg.DataParameterixationDemoB"/>
  <testcase name="enterLoginCredential" time="4.261" classname="TestNGPkg.DataParameterixationDemoB"/>
</testsuite> <!-- TestNGPkg.DataParameterixationDemoB -->
