<?xml version="1.0" encoding="UTF-8"?>
<!-- Generated by org.testng.reporters.JUnitReportReporter -->
<testsuite skipped="0" hostname="SAP" name="TestNGPkg.TestNgA" tests="1" failures="0" timestamp="30 Jan 2018 06:27:34 GMT" time="0.006" errors="0">
  <testcase name="testA" time="0.006" classname="TestNGPkg.TestNgA"/>
</testsuite> <!-- TestNGPkg.TestNgA -->
