<?xml version="1.0" encoding="UTF-8"?>
<!-- Generated by org.testng.reporters.JUnitReportReporter -->
<testsuite skipped="0" hostname="SAP" name="TestNGPkg.TestngB" tests="1" failures="0" timestamp="30 Jan 2018 06:27:34 GMT" time="0.021" errors="0">
  <testcase name="testB" time="0.021" classname="TestNGPkg.TestngB"/>
</testsuite> <!-- TestNGPkg.TestngB -->
