<?xml version="1.0" encoding="UTF-8"?>
<!-- Generated by org.testng.reporters.JUnitReportReporter -->
<testsuite skipped="0" hostname="SAP" name="testPackage.SeleniumGridDemo" tests="2" failures="0" timestamp="17 Jan 2018 18:08:56 GMT" time="41.174" errors="0">
  <testcase name="testSeleniumGrid" time="26.021" classname="testPackage.SeleniumGridDemo"/>
  <testcase name="testSeleniumGrid" time="15.153" classname="testPackage.SeleniumGridDemo"/>
</testsuite> <!-- testPackage.SeleniumGridDemo -->
