<?xml version="1.0" encoding="UTF-8"?>
<!-- Generated by org.testng.reporters.JUnitReportReporter -->
<testsuite skipped="0" hostname="SAP" name="TestNGPkg.ModularExecutionUsingGridA" tests="2" failures="0" timestamp="31 Jan 2018 11:08:57 GMT" time="48.697" errors="0">
  <testcase name="ModularExecutionUsingGrid" time="28.024" classname="TestNGPkg.ModularExecutionUsingGridA"/>
  <testcase name="ModularExecutionUsingGrid" time="20.673" classname="TestNGPkg.ModularExecutionUsingGridA"/>
</testsuite> <!-- TestNGPkg.ModularExecutionUsingGridA -->
