<?xml version="1.0" encoding="UTF-8"?>
<!-- Generated by org.testng.reporters.JUnitReportReporter -->
<testsuite skipped="0" hostname="SAP" name="TestNGPkg.TestNgWIthPaRameter" tests="3" failures="0" timestamp="29 Jan 2018 13:16:26 GMT" time="0.047" errors="0">
  <testcase name="deleteProduct" time="0.002" classname="TestNGPkg.TestNgWIthPaRameter"/>
  <testcase name="createProduct" time="0.031" classname="TestNGPkg.TestNgWIthPaRameter"/>
  <testcase name="editProduct" time="0.014" classname="TestNGPkg.TestNgWIthPaRameter"/>
</testsuite> <!-- TestNGPkg.TestNgWIthPaRameter -->
