<?xml version="1.0" encoding="UTF-8"?>
<!-- Generated by org.testng.reporters.JUnitReportReporter -->
<testsuite skipped="0" hostname="SAP" name="TestNGPkg.Createuser" tests="2" failures="0" timestamp="30 Jan 2018 05:59:43 GMT" time="0.075" errors="0">
  <testcase name="editUser" time="0.003" classname="TestNGPkg.Createuser"/>
  <testcase name="deleteUser" time="0.072" classname="TestNGPkg.Createuser"/>
</testsuite> <!-- TestNGPkg.Createuser -->
